#
# There is insufficient memory for the Java Runtime Environment to continue.
# Native memory allocation (mmap) failed to map 67108864 bytes for G1 virtual space
# Possible reasons:
#   The system is out of physical RAM or swap space
#   The process is running with CompressedOops enabled, and the Java Heap may be blocking the growth of the native heap
# Possible solutions:
#   Reduce memory load on the system
#   Increase physical memory or swap space
#   Check if swap backing store is full
#   Decrease Java heap size (-Xmx/-Xms)
#   Decrease number of Java threads
#   Decrease Java thread stack sizes (-Xss)
#   Set larger code cache with -XX:ReservedCodeCacheSize=
#   JVM is running with Unscaled Compressed Oops mode in which the Java heap is
#     placed in the first 4GB address space. The Java Heap base address is the
#     maximum limit for the native heap growth. Please use -XX:HeapBaseMinAddress
#     to set the Java Heap base and to place the Java Heap above 4GB virtual address.
# This output file may be truncated or incomplete.
#
#  Out of Memory Error (os_windows.cpp:3603), pid=13916, tid=14608
#
# JRE version:  (21.0.9+7) (build )
# Java VM: Java HotSpot(TM) 64-Bit Server VM (21.0.9+7-LTS-338, mixed mode, sharing, tiered, compressed oops, compressed class ptrs, g1 gc, windows-amd64)
# No core dump will be written. Minidumps are not enabled by default on client versions of Windows
#

---------------  S U M M A R Y ------------

Command Line: -Xmx64m -Xms64m -Dorg.gradle.appname=gradlew C:\DOCKin-spring\\gradle\wrapper\gradle-wrapper.jar build clean -x test

Host: Intel(R) Core(TM) i3-6100 CPU @ 3.70GHz, 4 cores, 7G,  Windows 10 , 64 bit Build 19041 (10.0.19041.5915)
Time: Sat Jan 31 21:57:48 2026 elapsed time: 0.028045 seconds (0d 0h 0m 0s)

---------------  T H R E A D  ---------------

Current thread (0x000002cd8a0ed7c0):  JavaThread "Unknown thread" [_thread_in_vm, id=14608, stack(0x000000e68c900000,0x000000e68ca00000) (1024K)]

Stack: [0x000000e68c900000,0x000000e68ca00000]
Native frames: (J=compiled Java code, j=interpreted, Vv=VM code, C=native code)
V  [jvm.dll+0x6cbf89]
V  [jvm.dll+0x858421]
V  [jvm.dll+0x85a94e]
V  [jvm.dll+0x85b023]
V  [jvm.dll+0x27ebc6]
V  [jvm.dll+0x6c8705]
V  [jvm.dll+0x6bd26a]
V  [jvm.dll+0x354a0a]
V  [jvm.dll+0x35c686]
V  [jvm.dll+0x3af79e]
V  [jvm.dll+0x3afa48]
V  [jvm.dll+0x328d1c]
V  [jvm.dll+0x32987b]
V  [jvm.dll+0x821739]
V  [jvm.dll+0x3bc481]
V  [jvm.dll+0x80a9b8]
V  [jvm.dll+0x45166e]
V  [jvm.dll+0x453261]
C  [jli.dll+0x52a3]
C  [ucrtbase.dll+0x21bb2]
C  [KERNEL32.DLL+0x17374]
C  [ntdll.dll+0x4cc91]


---------------  P R O C E S S  ---------------

Threads class SMR info:
_java_thread_list=0x00007ffce4d5fc08, length=0, elements={
}

Java Threads: ( => current thread )
Total: 0

Other Threads:
  0x000002cd8a105ec0 WorkerThread "GC Thread#0"                     [id=580, stack(0x000000e68ca00000,0x000000e68cb00000) (1024K)]
  0x000002cd8a1076b0 ConcurrentGCThread "G1 Main Marker"            [id=18220, stack(0x000000e68cb00000,0x000000e68cc00000) (1024K)]
  0x000002cd8a108b10 WorkerThread "G1 Conc#0"                       [id=9616, stack(0x000000e68cc00000,0x000000e68cd00000) (1024K)]

[error occurred during error reporting (printing all threads), id 0xc0000005, EXCEPTION_ACCESS_VIOLATION (0xc0000005) at pc=0x00007ffce44cb4a7]
VM state: not at safepoint (not fully initialized)

VM Mutex/Monitor currently owned by a thread:  ([mutex/lock_event])
[0x00007ffce4dd0ef0] Heap_lock - owner thread: 0x000002cd8a0ed7c0

Heap address: 0x00000000fc000000, size: 64 MB, Compressed Oops mode: 32-bit

CDS archive(s) mapped at: [0x0000000000000000-0x0000000000000000-0x0000000000000000), size 0, SharedBaseAddress: 0x0000000800000000, ArchiveRelocationMode: 1.
Narrow klass base: 0x0000000000000000, Narrow klass shift: 0, Narrow klass range: 0x0

GC Precious Log:
 CardTable entry size: 512
 Card Set container configuration: InlinePtr #cards 5 size 8 Array Of Cards #cards 12 size 40 Howl #buckets 4 coarsen threshold 1843 Howl Bitmap #cards 512 size 80 coarsen threshold 460 Card regions per heap region 1 cards per card region 2048

Heap:
 garbage-first heap   total 0K, used 0K [0x00000000fc000000, 0x0000000100000000)
  region size 1024K, 0 young (0K), 0 survivors (0K)

[error occurred during error reporting (printing heap information), id 0xc0000005, EXCEPTION_ACCESS_VIOLATION (0xc0000005) at pc=0x00007ffce48b4ff9]
GC Heap History (0 events):
No events

Dll operation events (1 events):
Event: 0.018 Loaded shared library C:\Program Files\Java\jdk-21\bin\java.dll

Deoptimization events (0 events):
No events

Classes loaded (0 events):
No events

Classes unloaded (0 events):
No events

Classes redefined (0 events):
No events

Internal exceptions (0 events):
No events

ZGC Phase Switch (0 events):
No events

VM Operations (0 events):
No events

Events (0 events):
No events


Dynamic libraries:
0x00007ff624af0000 - 0x00007ff624b00000 	C:\Program Files\Java\jdk-21\bin\java.exe
0x00007ffd47c10000 - 0x00007ffd47e08000 	C:\WINDOWS\SYSTEM32\ntdll.dll
0x00007ffd46750000 - 0x00007ffd46812000 	C:\WINDOWS\System32\KERNEL32.DLL
0x00007ffd452a0000 - 0x00007ffd45596000 	C:\WINDOWS\System32\KERNELBASE.dll
0x00007ffd45910000 - 0x00007ffd45a10000 	C:\WINDOWS\System32\ucrtbase.dll
0x00007ffd2f9a0000 - 0x00007ffd2f9b9000 	C:\Program Files\Java\jdk-21\bin\jli.dll
0x00007ffd464e0000 - 0x00007ffd46591000 	C:\WINDOWS\System32\ADVAPI32.dll
0x00007ffd46e10000 - 0x00007ffd46eae000 	C:\WINDOWS\System32\msvcrt.dll
0x00007ffd45c30000 - 0x00007ffd45ccf000 	C:\WINDOWS\System32\sechost.dll
0x00007ffd45f70000 - 0x00007ffd46090000 	C:\WINDOWS\System32\RPCRT4.dll
0x00007ffd45a10000 - 0x00007ffd45a37000 	C:\WINDOWS\System32\bcrypt.dll
0x00007ffd2ee30000 - 0x00007ffd2ee4b000 	C:\Program Files\Java\jdk-21\bin\VCRUNTIME140.dll
0x00007ffd465a0000 - 0x00007ffd46741000 	C:\WINDOWS\System32\USER32.dll
0x00007ffd45a40000 - 0x00007ffd45a62000 	C:\WINDOWS\System32\win32u.dll
0x00007ffd46ab0000 - 0x00007ffd46adb000 	C:\WINDOWS\System32\GDI32.dll
0x00007ffd45a70000 - 0x00007ffd45b89000 	C:\WINDOWS\System32\gdi32full.dll
0x00007ffd45b90000 - 0x00007ffd45c2d000 	C:\WINDOWS\System32\msvcp_win.dll
0x00007ffd30aa0000 - 0x00007ffd30d3b000 	C:\WINDOWS\WinSxS\amd64_microsoft.windows.common-controls_6595b64144ccf1df_6.0.19041.6456_none_60b8a6cb71f64256\COMCTL32.dll
0x00007ffd3f320000 - 0x00007ffd3f32a000 	C:\WINDOWS\SYSTEM32\VERSION.dll
0x00007ffd468b0000 - 0x00007ffd468df000 	C:\WINDOWS\System32\IMM32.DLL
0x00007ffd31080000 - 0x00007ffd3108c000 	C:\Program Files\Java\jdk-21\bin\vcruntime140_1.dll
0x00007ffd03690000 - 0x00007ffd0371e000 	C:\Program Files\Java\jdk-21\bin\msvcp140.dll
0x00007ffce4190000 - 0x00007ffce4ead000 	C:\Program Files\Java\jdk-21\bin\server\jvm.dll
0x00007ffd46c10000 - 0x00007ffd46c7b000 	C:\WINDOWS\System32\WS2_32.dll
0x00007ffd44c40000 - 0x00007ffd44c8b000 	C:\WINDOWS\SYSTEM32\POWRPROF.dll
0x00007ffd3c610000 - 0x00007ffd3c637000 	C:\WINDOWS\SYSTEM32\WINMM.dll
0x00007ffd44c20000 - 0x00007ffd44c32000 	C:\WINDOWS\SYSTEM32\UMPDC.dll
0x00007ffd43010000 - 0x00007ffd43022000 	C:\WINDOWS\SYSTEM32\kernel.appcore.dll
0x00007ffd2fe20000 - 0x00007ffd2fe2a000 	C:\Program Files\Java\jdk-21\bin\jimage.dll
0x00007ffd3b3e0000 - 0x00007ffd3b5e1000 	C:\WINDOWS\SYSTEM32\DBGHELP.DLL
0x00007ffd2e050000 - 0x00007ffd2e084000 	C:\WINDOWS\SYSTEM32\dbgcore.DLL
0x00007ffd45750000 - 0x00007ffd457d2000 	C:\WINDOWS\System32\bcryptPrimitives.dll
0x00007ffd26120000 - 0x00007ffd2613f000 	C:\Program Files\Java\jdk-21\bin\java.dll

dbghelp: loaded successfully - version: 4.0.5 - missing functions: none
symbol engine: initialized successfully - sym options: 0x614 - pdb path: .;C:\Program Files\Java\jdk-21\bin;C:\WINDOWS\SYSTEM32;C:\WINDOWS\WinSxS\amd64_microsoft.windows.common-controls_6595b64144ccf1df_6.0.19041.6456_none_60b8a6cb71f64256;C:\Program Files\Java\jdk-21\bin\server

VM Arguments:
jvm_args: -Xmx64m -Xms64m -Dorg.gradle.appname=gradlew 
java_command: C:\DOCKin-spring\\gradle\wrapper\gradle-wrapper.jar build clean -x test
java_class_path (initial): C:\DOCKin-spring\\gradle\wrapper\gradle-wrapper.jar
Launcher Type: SUN_STANDARD

[Global flags]
     intx CICompilerCount                          = 3                                         {product} {ergonomic}
     uint ConcGCThreads                            = 1                                         {product} {ergonomic}
     uint G1ConcRefinementThreads                  = 4                                         {product} {ergonomic}
   size_t G1HeapRegionSize                         = 1048576                                   {product} {ergonomic}
    uintx GCDrainStackTargetSize                   = 64                                        {product} {ergonomic}
   size_t InitialHeapSize                          = 67108864                                  {product} {command line}
   size_t MarkStackSize                            = 4194304                                   {product} {ergonomic}
   size_t MaxHeapSize                              = 67108864                                  {product} {command line}
   size_t MinHeapDeltaBytes                        = 1048576                                   {product} {ergonomic}
   size_t MinHeapSize                              = 67108864                                  {product} {command line}
    uintx NonNMethodCodeHeapSize                   = 5832780                                {pd product} {ergonomic}
    uintx NonProfiledCodeHeapSize                  = 122912730                              {pd product} {ergonomic}
    uintx ProfiledCodeHeapSize                     = 122912730                              {pd product} {ergonomic}
    uintx ReservedCodeCacheSize                    = 251658240                              {pd product} {ergonomic}
     bool SegmentedCodeCache                       = true                                      {product} {ergonomic}
   size_t SoftMaxHeapSize                          = 67108864                               {manageable} {ergonomic}
     bool UseCompressedOops                        = true                           {product lp64_product} {ergonomic}
     bool UseG1GC                                  = true                                      {product} {ergonomic}
     bool UseLargePagesIndividualAllocation        = false                                  {pd product} {ergonomic}

Logging:
Log output configuration:
 #0: stdout all=warning uptime,level,tags foldmultilines=false
 #1: stderr all=off uptime,level,tags foldmultilines=false

Environment Variables:
JAVA_HOME=C:\Program Files\Java\jdk-21
PATH=C:\Users\khjae\miniconda3;C:\Users\khjae\miniconda3\Library\mingw-w64\bin;C:\Users\khjae\miniconda3\Library\usr\bin;C:\Users\khjae\miniconda3\Library\bin;C:\Users\khjae\miniconda3\Scripts;C:\Users\khjae\miniconda3\bin;C:\Users\khjae\miniconda3\condabin;C:\Program Files\Common Files\Oracle\Java\javapath;C:\WINDOWS\system32;C:\WINDOWS;C:\WINDOWS\System32\Wbem;C:\WINDOWS\System32\WindowsPowerShell\v1.0;C:\WINDOWS\System32\OpenSSH;C:\Program Files\Git\cmd;C:\Program Files\nodejs;C:\Program Files\Docker\Docker\resources\bin;C:\Program Files\Amazon\AWSCLIV2;C:\Program Files\MySQL\MySQL Shell 8.0\bin;C:\Users\khjae\AppData\Local\Microsoft\WindowsApps;C:\Users\khjae\AppData\Local\Programs\Microsoft VS Code\bin;C:\Users\khjae\AppData\Roaming\npm;C:\Program Files\JetBrains\IntelliJ IDEA 2025.3.1\bin
USERNAME=khjae
TERM=xterm
OS=Windows_NT
PROCESSOR_IDENTIFIER=Intel64 Family 6 Model 94 Stepping 3, GenuineIntel
TMP=C:\Users\khjae\AppData\Local\Temp
TEMP=C:\Users\khjae\AppData\Local\Temp




Periodic native trim disabled

---------------  S Y S T E M  ---------------

OS:
 Windows 10 , 64 bit Build 19041 (10.0.19041.5915)
OS uptime: 6 days 2:21 hours
Hyper-V role detected

CPU: total 4 (initial active 4) (2 cores per cpu, 2 threads per core) family 6 model 94 stepping 3 microcode 0xcc, cx8, cmov, fxsr, ht, mmx, 3dnowpref, sse, sse2, sse3, ssse3, sse4.1, sse4.2, popcnt, lzcnt, tsc, tscinvbit, avx, avx2, aes, erms, clmul, bmi1, bmi2, adx, fma, vzeroupper, clflush, clflushopt, hv, rdtscp, f16c
Processor Information for all 4 processors :
  Max Mhz: 3700, Current Mhz: 3700, Mhz Limit: 3700

Memory: 4k page, system-wide physical 8143M (402M free)
TotalPageFile size 22452M (AvailPageFile size 59M)
current process WorkingSet (physical memory assigned to process): 10M, peak: 10M
current process commit charge ("private bytes"): 51M, peak: 115M

vm_info: Java HotSpot(TM) 64-Bit Server VM (21.0.9+7-LTS-338) for windows-amd64 JRE (21.0.9+7-LTS-338), built on 2025-09-26T06:33:49Z by "mach5run" with MS VC++ 17.6 (VS2022)

END.
